C51 COMPILER V9.54   AT24C02                                                               02/14/2025 18:17:13 PAGE 1   


C51 COMPILER V9.54, COMPILATION OF MODULE AT24C02
OBJECT MODULE PLACED IN .\Objects\AT24C02.obj
COMPILER INVOKED BY: D:\Keil_v5\C51\BIN\C51.EXE AT24C02.c OPTIMIZE(8,SPEED) BROWSE DEBUG OBJECTEXTEND PRINT(.\Listings\A
                    -T24C02.lst) TABS(2) OBJECT(.\Objects\AT24C02.obj)

line level    source

   1          #include <REGX52.H>
   2          #include "I2C.h"
   3          
   4          #define AT24C02_ADDRESS 0xA0
   5          
   6          void AT24C02_WriteByte(unsigned char WordAddress,Data)
   7          {
   8   1        unsigned char Ack;
   9   1        I2C_Start();
  10   1        I2C_SendByte(AT24C02_ADDRESS);
  11   1        I2C_ReceiveAck();
  12   1        Ack=I2C_ReceiveAck();
  13   1        if(Ack==0) P2=0x00;
  14   1      }
*** WARNING C280 IN LINE 6 OF AT24C02.c: 'WordAddress': unreferenced local variable
  15          
  16          unsigned char AT24C02_ReadByte(unsigned char WordAddress)
  17          {
  18   1        unsigned char Data;
  19   1        
  20   1        
  21   1        return Data;
  22   1      }
*** WARNING C280 IN LINE 16 OF AT24C02.c: 'WordAddress': unreferenced local variable


MODULE INFORMATION:   STATIC OVERLAYABLE
   CODE SIZE        =     31    ----
   CONSTANT SIZE    =   ----    ----
   XDATA SIZE       =   ----    ----
   PDATA SIZE       =   ----    ----
   DATA SIZE        =   ----       5
   IDATA SIZE       =   ----    ----
   BIT SIZE         =   ----    ----
END OF MODULE INFORMATION.


C51 COMPILATION COMPLETE.  2 WARNING(S),  0 ERROR(S)
