C51 COMPILER V9.54   MAIN                                                                  02/14/2025 18:17:13 PAGE 1   


C51 COMPILER V9.54, COMPILATION OF MODULE MAIN
OBJECT MODULE PLACED IN .\Objects\main.obj
COMPILER INVOKED BY: D:\Keil_v5\C51\BIN\C51.EXE main.c OPTIMIZE(8,SPEED) BROWSE DEBUG OBJECTEXTEND PRINT(.\Listings\main
                    -.lst) TABS(2) OBJECT(.\Objects\main.obj)

line level    source

   1          #include <REGX52.H>
   2          //#include ".h"//LCD1602
   3          #include "Key.h"
   4          
   5          void main()
   6          {
   7   1        LCD_Init();
*** WARNING C206 IN LINE 7 OF main.c: 'LCD_Init': missing function-prototype
   8   1        LC_ShowString(1,1,"Hello");
*** WARNING C206 IN LINE 8 OF main.c: 'LC_ShowString': missing function-prototype
*** ERROR C267 IN LINE 8 OF main.c: 'LC_ShowString': requires ANSI-style prototype
   9   1        while(1)
  10   1        {
  11   2          
  12   2        }
  13   1        
  14   1      }

C51 COMPILATION COMPLETE.  2 WARNING(S),  1 ERROR(S)
